0 info it worked if it ends with ok
1 verbose cli [ '/home/daniel/.nvm/v0.10.33/bin/node',
1 verbose cli   '/home/daniel/.nvm/v0.10.33/bin/npm',
1 verbose cli   'install' ]
2 info using npm@1.4.28
3 info using node@v0.10.33
4 warn package.json raamwerk@ No description
5 warn package.json raamwerk@ No repository field.
6 warn package.json raamwerk@ No README data
7 verbose readDependencies using package.json deps
8 verbose install where, deps [ '/home/daniel/Development/raamwerk',
8 verbose install   [ 'connect-livereload',
8 verbose install     'connect-modrewrite',
8 verbose install     'grunt',
8 verbose install     'grunt-autoshot',
8 verbose install     'grunt-bower-requirejs',
8 verbose install     'grunt-browser-sync',
8 verbose install     'grunt-cli',
8 verbose install     'grunt-concurrent',
8 verbose install     'grunt-contrib-clean',
8 verbose install     'grunt-contrib-coffee',
8 verbose install     'grunt-contrib-compass',
8 verbose install     'grunt-contrib-concat',
8 verbose install     'grunt-contrib-connect',
8 verbose install     'grunt-contrib-copy',
8 verbose install     'grunt-contrib-cssmin',
8 verbose install     'grunt-contrib-htmlmin',
8 verbose install     'grunt-contrib-imagemin',
8 verbose install     'grunt-contrib-jshint',
8 verbose install     'grunt-contrib-requirejs',
8 verbose install     'grunt-contrib-uglify',
8 verbose install     'grunt-contrib-watch',
8 verbose install     'grunt-mocha',
8 verbose install     'grunt-modernizr',
8 verbose install     'grunt-notify',
8 verbose install     'grunt-open',
8 verbose install     'grunt-rev',
8 verbose install     'grunt-svgmin',
8 verbose install     'grunt-usemin',
8 verbose install     'grunt-webp',
8 verbose install     'jshint-stylish',
8 verbose install     'load-grunt-tasks',
8 verbose install     'time-grunt' ] ]
9 info preinstall raamwerk@
10 verbose readDependencies using package.json deps
11 verbose already installed skipping connect-modrewrite@^0.7.7 /home/daniel/Development/raamwerk
12 verbose already installed skipping grunt@^0.4.5 /home/daniel/Development/raamwerk
13 verbose already installed skipping grunt-autoshot@~0.2.0 /home/daniel/Development/raamwerk
14 verbose already installed skipping grunt-bower-requirejs@~0.4.1 /home/daniel/Development/raamwerk
15 verbose already installed skipping grunt-browser-sync@~0.5.7 /home/daniel/Development/raamwerk
16 verbose already installed skipping grunt-cli@^0.1.13 /home/daniel/Development/raamwerk
17 verbose already installed skipping grunt-concurrent@~0.4.0 /home/daniel/Development/raamwerk
18 verbose already installed skipping grunt-contrib-clean@~0.5.0 /home/daniel/Development/raamwerk
19 verbose already installed skipping grunt-contrib-coffee@~0.7.0 /home/daniel/Development/raamwerk
20 verbose already installed skipping grunt-contrib-compass@~0.7.0 /home/daniel/Development/raamwerk
21 verbose already installed skipping grunt-contrib-concat@~0.3.0 /home/daniel/Development/raamwerk
22 verbose already installed skipping grunt-contrib-connect@~0.5.0 /home/daniel/Development/raamwerk
23 verbose already installed skipping grunt-contrib-copy@~0.4.1 /home/daniel/Development/raamwerk
24 verbose already installed skipping grunt-contrib-cssmin@~0.7.0 /home/daniel/Development/raamwerk
25 verbose already installed skipping grunt-contrib-htmlmin@~0.1.3 /home/daniel/Development/raamwerk
26 verbose already installed skipping grunt-contrib-imagemin@~0.2.0 /home/daniel/Development/raamwerk
27 verbose already installed skipping grunt-contrib-jshint@~0.7.0 /home/daniel/Development/raamwerk
28 verbose already installed skipping grunt-contrib-requirejs@~0.4.0 /home/daniel/Development/raamwerk
29 verbose already installed skipping grunt-contrib-uglify@~0.2.0 /home/daniel/Development/raamwerk
30 verbose already installed skipping grunt-contrib-watch@~0.4.0 /home/daniel/Development/raamwerk
31 verbose already installed skipping grunt-mocha@~0.4.0 /home/daniel/Development/raamwerk
32 verbose already installed skipping grunt-modernizr@~0.3.0 /home/daniel/Development/raamwerk
33 verbose already installed skipping grunt-notify@~0.2.16 /home/daniel/Development/raamwerk
34 verbose already installed skipping grunt-open@~0.2.0 /home/daniel/Development/raamwerk
35 verbose already installed skipping grunt-rev@~0.1.0 /home/daniel/Development/raamwerk
36 verbose already installed skipping grunt-svgmin@~0.2.0 /home/daniel/Development/raamwerk
37 verbose already installed skipping grunt-usemin@~0.1.10 /home/daniel/Development/raamwerk
38 verbose already installed skipping grunt-webp@~0.0.1 /home/daniel/Development/raamwerk
39 verbose already installed skipping jshint-stylish@~0.1.5 /home/daniel/Development/raamwerk
40 verbose already installed skipping load-grunt-tasks@~0.2.0 /home/daniel/Development/raamwerk
41 verbose already installed skipping time-grunt@~0.2.0 /home/daniel/Development/raamwerk
42 verbose already installed skipping connect-livereload@~0.1.4 /home/daniel/Development/raamwerk
43 silly resolved []
44 info build /home/daniel/Development/raamwerk
45 verbose linkStuff [ false, false, false, '/home/daniel/Development' ]
46 info linkStuff raamwerk@
47 verbose linkBins raamwerk@
48 verbose linkMans raamwerk@
49 verbose rebuildBundles raamwerk@
50 verbose rebuildBundles [ '.bin',
50 verbose rebuildBundles   'apache-server-configs',
50 verbose rebuildBundles   'bower',
50 verbose rebuildBundles   'connect-livereload',
50 verbose rebuildBundles   'connect-modrewrite',
50 verbose rebuildBundles   'grunt',
50 verbose rebuildBundles   'grunt-autoprefixer',
50 verbose rebuildBundles   'grunt-autoshot',
50 verbose rebuildBundles   'grunt-bower-requirejs',
50 verbose rebuildBundles   'grunt-browser-sync',
50 verbose rebuildBundles   'grunt-build-control',
50 verbose rebuildBundles   'grunt-cli',
50 verbose rebuildBundles   'grunt-concurrent',
50 verbose rebuildBundles   'grunt-contrib-clean',
50 verbose rebuildBundles   'grunt-contrib-coffee',
50 verbose rebuildBundles   'grunt-contrib-compass',
50 verbose rebuildBundles   'grunt-contrib-concat',
50 verbose rebuildBundles   'grunt-contrib-connect',
50 verbose rebuildBundles   'grunt-contrib-copy',
50 verbose rebuildBundles   'grunt-contrib-cssmin',
50 verbose rebuildBundles   'grunt-contrib-htmlmin',
50 verbose rebuildBundles   'grunt-contrib-imagemin',
50 verbose rebuildBundles   'grunt-contrib-jshint',
50 verbose rebuildBundles   'grunt-contrib-requirejs',
50 verbose rebuildBundles   'grunt-contrib-sass',
50 verbose rebuildBundles   'grunt-contrib-uglify',
50 verbose rebuildBundles   'grunt-contrib-watch',
50 verbose rebuildBundles   'grunt-mocha',
50 verbose rebuildBundles   'grunt-modernizr',
50 verbose rebuildBundles   'grunt-newer',
50 verbose rebuildBundles   'grunt-notify',
50 verbose rebuildBundles   'grunt-open',
50 verbose rebuildBundles   'grunt-rev',
50 verbose rebuildBundles   'grunt-svgmin',
50 verbose rebuildBundles   'grunt-usemin',
50 verbose rebuildBundles   'grunt-webp',
50 verbose rebuildBundles   'grunt-wiredep',
50 verbose rebuildBundles   'jshint-stylish',
50 verbose rebuildBundles   'load-grunt-tasks',
50 verbose rebuildBundles   'time-grunt' ]
51 verbose rebuild bundle /home/daniel/Development/raamwerk/node_modules/apache-server-configs
52 info build /home/daniel/Development/raamwerk/node_modules/apache-server-configs
53 info preinstall apache-server-configs@2.11.0
54 verbose linkStuff [ false,
54 verbose linkStuff   false,
54 verbose linkStuff   false,
54 verbose linkStuff   '/home/daniel/Development/raamwerk/node_modules' ]
55 info linkStuff apache-server-configs@2.11.0
56 verbose linkBins apache-server-configs@2.11.0
57 verbose linkMans apache-server-configs@2.11.0
58 verbose rebuildBundles apache-server-configs@2.11.0
59 info install apache-server-configs@2.11.0
60 info postinstall apache-server-configs@2.11.0
61 verbose rebuild bundle /home/daniel/Development/raamwerk/node_modules/bower
62 info build /home/daniel/Development/raamwerk/node_modules/bower
63 info preinstall bower@1.3.12
64 verbose linkStuff [ false,
64 verbose linkStuff   false,
64 verbose linkStuff   false,
64 verbose linkStuff   '/home/daniel/Development/raamwerk/node_modules' ]
65 info linkStuff bower@1.3.12
66 warn prefer global bower@1.3.12 should be installed with -g
67 verbose linkBins bower@1.3.12
68 verbose link bins [ { bower: 'bin/bower' },
68 verbose link bins   '/home/daniel/Development/raamwerk/node_modules/.bin',
68 verbose link bins   false ]
69 verbose linkMans bower@1.3.12
70 verbose rebuildBundles bower@1.3.12
71 verbose rebuildBundles [ '.bin',
71 verbose rebuildBundles   'abbrev',
71 verbose rebuildBundles   'archy',
71 verbose rebuildBundles   'bower-config',
71 verbose rebuildBundles   'bower-endpoint-parser',
71 verbose rebuildBundles   'bower-json',
71 verbose rebuildBundles   'bower-logger',
71 verbose rebuildBundles   'bower-registry-client',
71 verbose rebuildBundles   'cardinal',
71 verbose rebuildBundles   'chalk',
71 verbose rebuildBundles   'chmodr',
71 verbose rebuildBundles   'decompress-zip',
71 verbose rebuildBundles   'fstream',
71 verbose rebuildBundles   'fstream-ignore',
71 verbose rebuildBundles   'glob',
71 verbose rebuildBundles   'graceful-fs',
71 verbose rebuildBundles   'handlebars',
71 verbose rebuildBundles   'inquirer',
71 verbose rebuildBundles   'insight',
71 verbose rebuildBundles   'is-root',
71 verbose rebuildBundles   'junk',
71 verbose rebuildBundles   'lockfile',
71 verbose rebuildBundles   'lru-cache',
71 verbose rebuildBundles   'mkdirp',
71 verbose rebuildBundles   'mout',
71 verbose rebuildBundles   'nopt',
71 verbose rebuildBundles   'opn',
71 verbose rebuildBundles   'osenv',
71 verbose rebuildBundles   'p-throttler',
71 verbose rebuildBundles   'promptly',
71 verbose rebuildBundles   'q',
71 verbose rebuildBundles   'request',
71 verbose rebuildBundles   'request-progress',
71 verbose rebuildBundles   'retry',
71 verbose rebuildBundles   'rimraf',
71 verbose rebuildBundles   'semver',
71 verbose rebuildBundles   'shell-quote',
71 verbose rebuildBundles   'stringify-object',
71 verbose rebuildBundles   'tar-fs',
71 verbose rebuildBundles   'tmp',
71 verbose rebuildBundles   'update-notifier',
71 verbose rebuildBundles   'which' ]
72 info install bower@1.3.12
73 info postinstall bower@1.3.12
74 verbose rebuild bundle /home/daniel/Development/raamwerk/node_modules/grunt-autoprefixer
75 info build /home/daniel/Development/raamwerk/node_modules/grunt-autoprefixer
76 info preinstall grunt-autoprefixer@1.0.1
77 verbose linkStuff [ false,
77 verbose linkStuff   false,
77 verbose linkStuff   false,
77 verbose linkStuff   '/home/daniel/Development/raamwerk/node_modules' ]
78 info linkStuff grunt-autoprefixer@1.0.1
79 verbose linkBins grunt-autoprefixer@1.0.1
80 verbose linkMans grunt-autoprefixer@1.0.1
81 verbose rebuildBundles grunt-autoprefixer@1.0.1
82 verbose rebuildBundles [ 'autoprefixer-core', 'chalk', 'diff' ]
83 info install grunt-autoprefixer@1.0.1
84 info postinstall grunt-autoprefixer@1.0.1
85 verbose rebuild bundle /home/daniel/Development/raamwerk/node_modules/grunt-build-control
86 info build /home/daniel/Development/raamwerk/node_modules/grunt-build-control
87 info preinstall grunt-build-control@0.2.2
88 verbose linkStuff [ false,
88 verbose linkStuff   false,
88 verbose linkStuff   false,
88 verbose linkStuff   '/home/daniel/Development/raamwerk/node_modules' ]
89 info linkStuff grunt-build-control@0.2.2
90 verbose linkBins grunt-build-control@0.2.2
91 verbose linkMans grunt-build-control@0.2.2
92 verbose rebuildBundles grunt-build-control@0.2.2
93 verbose rebuildBundles [ '.bin', 'shelljs' ]
94 info install grunt-build-control@0.2.2
95 info postinstall grunt-build-control@0.2.2
96 verbose rebuild bundle /home/daniel/Development/raamwerk/node_modules/grunt-contrib-sass
97 info build /home/daniel/Development/raamwerk/node_modules/grunt-contrib-sass
98 info preinstall grunt-contrib-sass@0.7.4
99 verbose linkStuff [ false,
99 verbose linkStuff   false,
99 verbose linkStuff   false,
99 verbose linkStuff   '/home/daniel/Development/raamwerk/node_modules' ]
100 info linkStuff grunt-contrib-sass@0.7.4
101 verbose linkBins grunt-contrib-sass@0.7.4
102 verbose linkMans grunt-contrib-sass@0.7.4
103 verbose rebuildBundles grunt-contrib-sass@0.7.4
104 verbose rebuildBundles [ '.bin', 'async', 'chalk', 'dargs', 'which', 'win-spawn' ]
105 info install grunt-contrib-sass@0.7.4
106 info postinstall grunt-contrib-sass@0.7.4
107 verbose rebuild bundle /home/daniel/Development/raamwerk/node_modules/grunt-newer
108 info build /home/daniel/Development/raamwerk/node_modules/grunt-newer
109 info preinstall grunt-newer@0.7.0
110 verbose linkStuff [ false,
110 verbose linkStuff   false,
110 verbose linkStuff   false,
110 verbose linkStuff   '/home/daniel/Development/raamwerk/node_modules' ]
111 info linkStuff grunt-newer@0.7.0
112 verbose linkBins grunt-newer@0.7.0
113 verbose linkMans grunt-newer@0.7.0
114 verbose rebuildBundles grunt-newer@0.7.0
115 verbose rebuildBundles [ '.bin', 'async', 'rimraf' ]
116 info install grunt-newer@0.7.0
117 info postinstall grunt-newer@0.7.0
118 verbose rebuild bundle /home/daniel/Development/raamwerk/node_modules/grunt-wiredep
119 info build /home/daniel/Development/raamwerk/node_modules/grunt-wiredep
120 info preinstall grunt-wiredep@1.9.0
121 verbose linkStuff [ false,
121 verbose linkStuff   false,
121 verbose linkStuff   false,
121 verbose linkStuff   '/home/daniel/Development/raamwerk/node_modules' ]
122 info linkStuff grunt-wiredep@1.9.0
123 verbose linkBins grunt-wiredep@1.9.0
124 verbose linkMans grunt-wiredep@1.9.0
125 verbose rebuildBundles grunt-wiredep@1.9.0
126 verbose rebuildBundles [ '.bin', 'wiredep' ]
127 info install grunt-wiredep@1.9.0
128 info postinstall grunt-wiredep@1.9.0
129 info install raamwerk@
130 info postinstall raamwerk@
131 info prepublish raamwerk@
132 error peerinvalid The package bower does not satisfy its siblings' peerDependencies requirements!
132 error peerinvalid Peer grunt-bower-requirejs@0.4.4 wants bower@~0.x
133 error System Linux 3.13.0-40-generic
134 error command "/home/daniel/.nvm/v0.10.33/bin/node" "/home/daniel/.nvm/v0.10.33/bin/npm" "install"
135 error cwd /home/daniel/Development/raamwerk
136 error node -v v0.10.33
137 error npm -v 1.4.28
138 error code EPEERINVALID
139 verbose exit [ 1, true ]
